<?xml version="1.0" encoding="UTF-8"?>
<testng-results ignored="0" total="2" passed="2" failed="0" skipped="0">
  <reporter-output>
  </reporter-output>
  <suite started-at="2025-10-09T16:50:53 IST" name="Suite" finished-at="2025-10-09T16:51:11 IST" duration-ms="18534">
    <groups>
      <group name="Master">
        <method signature="TC_001_AccountRegistrationTest.Verify_Account_Registration()[pri:0, instance:testCases.TC_001_AccountRegistrationTest@5ba88be8]" name="Verify_Account_Registration" class="testCases.TC_001_AccountRegistrationTest"/>
        <method signature="TC_002_LoginTest.verifyLogin()[pri:0, instance:testCases.TC_002_LoginTest@38089a5a]" name="verifyLogin" class="testCases.TC_002_LoginTest"/>
      </group> <!-- Master -->
      <group name="Sanity">
        <method signature="TC_002_LoginTest.verifyLogin()[pri:0, instance:testCases.TC_002_LoginTest@38089a5a]" name="verifyLogin" class="testCases.TC_002_LoginTest"/>
      </group> <!-- Sanity -->
      <group name=" Regression">
        <method signature="TC_001_AccountRegistrationTest.Verify_Account_Registration()[pri:0, instance:testCases.TC_001_AccountRegistrationTest@5ba88be8]" name="Verify_Account_Registration" class="testCases.TC_001_AccountRegistrationTest"/>
      </group> <!--  Regression -->
    </groups>
    <test started-at="2025-10-09T16:50:53 IST" name="Test1" finished-at="2025-10-09T16:51:11 IST" duration-ms="18534">
      <class name="testCases.TC_001_AccountRegistrationTest">
        <test-method is-config="true" signature="setup(java.lang.String,java.lang.String)[pri:0, instance:testCases.TC_001_AccountRegistrationTest@5ba88be8]" started-at="2025-10-09T16:50:53 IST" name="setup" finished-at="2025-10-09T16:50:59 IST" duration-ms="5121" status="PASS">
          <params>
            <param index="0">
              <value>
                <![CDATA[windows]]>
              </value>
            </param>
            <param index="1">
              <value>
                <![CDATA[chrome]]>
              </value>
            </param>
          </params>
          <reporter-output>
          </reporter-output>
        </test-method> <!-- setup -->
        <test-method signature="Verify_Account_Registration()[pri:0, instance:testCases.TC_001_AccountRegistrationTest@5ba88be8]" started-at="2025-10-09T16:50:59 IST" name="Verify_Account_Registration" finished-at="2025-10-09T16:51:03 IST" duration-ms="4613" status="PASS">
          <reporter-output>
          </reporter-output>
        </test-method> <!-- Verify_Account_Registration -->
        <test-method is-config="true" signature="TearDown()[pri:0, instance:testCases.TC_001_AccountRegistrationTest@5ba88be8]" started-at="2025-10-09T16:51:03 IST" name="TearDown" finished-at="2025-10-09T16:51:04 IST" duration-ms="550" status="PASS">
          <reporter-output>
          </reporter-output>
        </test-method> <!-- TearDown -->
      </class> <!-- testCases.TC_001_AccountRegistrationTest -->
      <class name="testCases.TC_002_LoginTest">
        <test-method is-config="true" signature="setup(java.lang.String,java.lang.String)[pri:0, instance:testCases.TC_002_LoginTest@38089a5a]" started-at="2025-10-09T16:51:04 IST" name="setup" finished-at="2025-10-09T16:51:08 IST" duration-ms="4431" status="PASS">
          <params>
            <param index="0">
              <value>
                <![CDATA[windows]]>
              </value>
            </param>
            <param index="1">
              <value>
                <![CDATA[chrome]]>
              </value>
            </param>
          </params>
          <reporter-output>
          </reporter-output>
        </test-method> <!-- setup -->
        <test-method signature="verifyLogin()[pri:0, instance:testCases.TC_002_LoginTest@38089a5a]" started-at="2025-10-09T16:51:08 IST" name="verifyLogin" finished-at="2025-10-09T16:51:11 IST" duration-ms="2924" status="PASS">
          <reporter-output>
          </reporter-output>
        </test-method> <!-- verifyLogin -->
        <test-method is-config="true" signature="TearDown()[pri:0, instance:testCases.TC_002_LoginTest@38089a5a]" started-at="2025-10-09T16:51:11 IST" name="TearDown" finished-at="2025-10-09T16:51:11 IST" duration-ms="275" status="PASS">
          <reporter-output>
          </reporter-output>
        </test-method> <!-- TearDown -->
      </class> <!-- testCases.TC_002_LoginTest -->
    </test> <!-- Test1 -->
  </suite> <!-- Suite -->
</testng-results>
