<?xml version="1.0" encoding="UTF-8"?>
<testng-results ignored="0" total="2" passed="2" failed="0" skipped="0">
  <reporter-output>
  </reporter-output>
  <suite started-at="2025-10-10T14:52:42 IST" name="Suite" finished-at="2025-10-10T14:53:05 IST" duration-ms="22726">
    <groups>
      <group name="Master">
        <method signature="TC_001_AccountRegistrationTest.Verify_Account_Registration()[pri:0, instance:testCases.TC_001_AccountRegistrationTest@5a709816]" name="Verify_Account_Registration" class="testCases.TC_001_AccountRegistrationTest"/>
        <method signature="TC_002_LoginTest.verifyLogin()[pri:0, instance:testCases.TC_002_LoginTest@4748a0f9]" name="verifyLogin" class="testCases.TC_002_LoginTest"/>
      </group> <!-- Master -->
      <group name="Sanity">
        <method signature="TC_002_LoginTest.verifyLogin()[pri:0, instance:testCases.TC_002_LoginTest@4748a0f9]" name="verifyLogin" class="testCases.TC_002_LoginTest"/>
      </group> <!-- Sanity -->
      <group name=" Regression">
        <method signature="TC_001_AccountRegistrationTest.Verify_Account_Registration()[pri:0, instance:testCases.TC_001_AccountRegistrationTest@5a709816]" name="Verify_Account_Registration" class="testCases.TC_001_AccountRegistrationTest"/>
      </group> <!--  Regression -->
    </groups>
    <test started-at="2025-10-10T14:52:42 IST" name="Test1" finished-at="2025-10-10T14:53:05 IST" duration-ms="22726">
      <class name="testCases.TC_001_AccountRegistrationTest">
        <test-method is-config="true" signature="setup(java.lang.String,java.lang.String)[pri:0, instance:testCases.TC_001_AccountRegistrationTest@5a709816]" started-at="2025-10-10T14:52:43 IST" name="setup" finished-at="2025-10-10T14:52:53 IST" duration-ms="10418" status="PASS">
          <params>
            <param index="0">
              <value>
                <![CDATA[windows]]>
              </value>
            </param>
            <param index="1">
              <value>
                <![CDATA[chrome]]>
              </value>
            </param>
          </params>
          <reporter-output>
          </reporter-output>
        </test-method> <!-- setup -->
        <test-method signature="Verify_Account_Registration()[pri:0, instance:testCases.TC_001_AccountRegistrationTest@5a709816]" started-at="2025-10-10T14:52:53 IST" name="Verify_Account_Registration" finished-at="2025-10-10T14:52:57 IST" duration-ms="3918" status="PASS">
          <reporter-output>
          </reporter-output>
        </test-method> <!-- Verify_Account_Registration -->
        <test-method is-config="true" signature="TearDown()[pri:0, instance:testCases.TC_001_AccountRegistrationTest@5a709816]" started-at="2025-10-10T14:52:57 IST" name="TearDown" finished-at="2025-10-10T14:52:58 IST" duration-ms="433" status="PASS">
          <reporter-output>
          </reporter-output>
        </test-method> <!-- TearDown -->
      </class> <!-- testCases.TC_001_AccountRegistrationTest -->
      <class name="testCases.TC_002_LoginTest">
        <test-method is-config="true" signature="setup(java.lang.String,java.lang.String)[pri:0, instance:testCases.TC_002_LoginTest@4748a0f9]" started-at="2025-10-10T14:52:58 IST" name="setup" finished-at="2025-10-10T14:53:02 IST" duration-ms="4369" status="PASS">
          <params>
            <param index="0">
              <value>
                <![CDATA[windows]]>
              </value>
            </param>
            <param index="1">
              <value>
                <![CDATA[chrome]]>
              </value>
            </param>
          </params>
          <reporter-output>
          </reporter-output>
        </test-method> <!-- setup -->
        <test-method signature="verifyLogin()[pri:0, instance:testCases.TC_002_LoginTest@4748a0f9]" started-at="2025-10-10T14:53:02 IST" name="verifyLogin" finished-at="2025-10-10T14:53:05 IST" duration-ms="2426" status="PASS">
          <reporter-output>
          </reporter-output>
        </test-method> <!-- verifyLogin -->
        <test-method is-config="true" signature="TearDown()[pri:0, instance:testCases.TC_002_LoginTest@4748a0f9]" started-at="2025-10-10T14:53:05 IST" name="TearDown" finished-at="2025-10-10T14:53:05 IST" duration-ms="252" status="PASS">
          <reporter-output>
          </reporter-output>
        </test-method> <!-- TearDown -->
      </class> <!-- testCases.TC_002_LoginTest -->
    </test> <!-- Test1 -->
  </suite> <!-- Suite -->
</testng-results>
